-------------------------------------------------------------------------------
Test set: TestSuite
-------------------------------------------------------------------------------
Tests run: 9, Failures: 1, Errors: 0, Skipped: 0, Time elapsed: 1.296 s <<< FAILURE! - in TestSuite
testEvaluate(com.util.MySumOfSquaresTest)  Time elapsed: 0.019 s  <<< FAILURE!
java.lang.AssertionError: expected [37.0] but found [38.0]
	at com.util.MySumOfSquaresTest.testEvaluate(MySumOfSquaresTest.java:81)

