<?xml version="1.0" encoding="UTF-8"?>
<testsuite xmlns:xsi="http://www.w3.org/2001/XMLSchema-instance" xsi:noNamespaceSchemaLocation="https://maven.apache.org/surefire/maven-surefire-plugin/xsd/surefire-test-report.xsd" name="TestSuite" time="1.718" tests="9" errors="0" skipped="0" failures="1">
  <properties>
[...]
</properties>
  <testcase name="testAngleFunc" classname="com.sadie.JudgeTrangleTest" time="0.043"/>
  <testcase name="testFunction" classname="com.sadie.JudgeTrangleTest" time="0.008"/>
  <testcase name="testClear" classname="com.util.MySumOfSquaresTest" time="0.001"/>
  <testcase name="testCopy" classname="com.util.MySumOfSquaresTest" time="0"/>
  <testcase name="testCopyForSourceDest" classname="com.util.MySumOfSquaresTest" time="0.001"/>
  <testcase name="testEvaluate" classname="com.util.MySumOfSquaresTest" time="0.019">
    <failure message="expected [37.0] but found [38.0]" type="java.lang.AssertionError">java.lang.AssertionError: expected [37.0] but found [38.0]
	at com.util.MySumOfSquaresTest.testEvaluate(MySumOfSquaresTest.java:81)
</failure>
  </testcase>
  <testcase name="testGetN" classname="com.util.MySumOfSquaresTest" time="0"/>
  <testcase name="testGetResult" classname="com.util.MySumOfSquaresTest" time="0"/>
  <testcase name="testIncrement" classname="com.util.MySumOfSquaresTest" time="0"/>
</testsuite>